#separator \x09
#set_separator	,
#empty_field	(empty)
#unset_field	-
#path	night
#open	2025-04-14-17-07-38
#fields	counter
#types	count
0
0
15503
16158
14727
15740
15862
15930
16546
16238
15952
16020
15984
16873
16843
16177
16180
14988
14883
15533
15978
14235
14136
14352
14102
13606
14192
14408
14524
14674
14834
14534
14520
14848
14768
14703
14594
14500
14529
14472
14600
14698
14534
14412
14839
14389
14689
14681
14657
14596
14142
14229
14150
14272
14623
14131
14513
14578
15504
14014
14350
14522
14498
14266
14285
14500
14245
16177
18289
18717
18373
17491
14686
14313
14617
15188
14704
14457
14566
14857
14566
15146
14981
14444
15518
14581
14224
14741
14469
14654
14295
14593
14343
14403
14638
14696
14166
14019
14693
14367
14372
14417
14821
14460
14553
14538
14677
14621
14868
14473
14546
14620
14445
14765
14709
14443
14510
14447
14583
14368
14448
14286
14689
14554
14589
14486
14457
14747
15168
14600
15121
14541
14424
14536
14239
14562
14310
14655
14388
14671
14350
14618
14543
14507
15098
14634
14867
14950
14688
14905
14751
14604
14678
14549
14982
14568
14450
14381
14586
14696
14720
14802
14904
14848
14981
14983
15049
14665
14724
14997
14738
14932
14996
14539
15771
14981
14931
14202
14158
14492
14458
14365
14358
14418
14303
14351
14648
14548
14467
14693
14600
14748
14933
14200
14597
14750
14665
14548
14669
14755
14465
14275
14302
14335
14384
14636
14534
14914
14278
14652
14244
16856
24355
19016
14535
14684
14143
14423
15231
14507
14466
14470
14337
14266
14100
14312
14116
13959
14386
14282
14079
14046
14428
14066
14440
14603
14822
14607
14363
14347
14587
14402
14374
14345
14727
14531
14538
15050
15172
15420
14549
15170
15034
15143
14523
14667
14917
14771
14545
14738
14413
14823
14449
15599
14372
16133
14756
15177
15502
15063
15516
14538
15095
14944
15158
14737
14755
14024
14214
14304
14096
14690
14058
13983
14918
14826
14076
14433
14333
14627
14771
14317
14110
14517
14343
14527
14773
14116
14504
14296
13718
14273
14213
14941
14929
14290
14627
14402
14922
14530
14344
14567
14557
14403
14465
14236
14207
13908
14479
14281
14455
14246
14165
14253
15025
15512
15033
15475
15120
15020
14923
15445
15456
15451
15397
15022
15130
16042
15078
15216
14996
15131
15384
15279
15159
15176
15154
15331
15085
15128
15248
15635
16772
16246
15791
15873
15495
15704
15572
15513
15880
16620
18970
18644
19316
18974
15236
15405
15686
16053
15656
15396
15407
15311
15699
15414
15686
15381
15483
15659
15655
15474
15320
17432
15404
15335
15818
15566
15518
14722
14814
14426
14399
14552
14132
14358
14309
14522
14384
14608
14618
14355
14726
14459
14524
14738
14839
14672
14602
14788
14549
14639
14587
14627
15150
14896
15211
14848
14707
14754
15280
15541
15153
14961
15684
15078
15160
15356
15444
15078
15395
15307
14968
16816
15317
15502
15532
14967
14975
14905
15667
15371
15333
15801
22296
22620
22678
21466
21152
15606
15987
15161
15154
16204
15399
14885
15156
14834
14876
15932
14741
14592
15576
15005
14814
15134
14763
14918
15131
15018
15221
13624
13601
14889
15170
15145
14865
14703
14994
14952
14926
15241
15119
15047
15261
15038
15060
15168
15452
15506
15384
15452
15295
14997
14886
15092
15172
15169
15064
15063
14907
15018
14926
15203
15425
14639
14630
14697
14774
15039
14663
15212
15085
14909
14825
15176
14968
14742
15051
15175
15162
15255
15204
15434
15387
15769
15773
15881
15746
15606
15604
15997
15792
16252
16525
16686
16648
17034
16480
16957
16550
16788
16775
17077
17182
16876
16482
16827
16294
16605
17034
17270
16923
17288
17215
18508
21196
20989
20876
21240
21089
20568
20779
20221
17787
17133
17246
17354
17282
17265
17138
17039
17186
17296
17230
17150
17255
17269
17552
17604
17577
17436
17329
17229
17444
17165
17411
17540
17681
17187
17258
17483
17157
17461
17574
17447
17080
17007
17477
17332
17325
17514
17478
17659
17371
17790
17558
17789
17798
17896
18204
17723
18194
18059
17844
17586
17720
18056
17679
17388
17390
17689
16941
16373
16420
16789
16977
16948
16870
16820
17129
16802
16403
16386
16313
16585
16084
16468
16783
16442
16800
16625
16526
16622
16758
16724
16670
17127
16252
16065
16564
16575
16825
16592
16666
16869
16878
16425
17183
17231
17154
16644
16979
16717
16370
16441
16901
17075
16640
16062
16324
15794
16451
16365
15349
15682
15458
17864
16108
15550
15866
15464
15033
15732
15292
15574
15535
15500
15442
15436
15656
15627
14962
15525
15439
15583
15736
15729
16388
16119
15701
16690
15832
15633
15477
15870
15332
15032
15053
15187
15090
15122
15146
15256
15001
15260
15071
14819
14863
14682
14795
15158
14726
14791
14984
15003
14727
15089
15189
15508
15109
15067
14560
14748
14638
14559
14945
18278
21121
20943
17300
15222
15475
19202
20574
20592
16226
14813
15021
15396
15239
15419
15064
15558
15719
15691
15946
15704
15863
15710
15595
16696
16536
15765
15794
15730
15295
15544
15646
16103
15580
15209
15450
15542
15238
15237
15580
15119
15505
15465
15246
14905
15169
15190
15018
15391
15351
14891
14727
14649
14262
14606
14473
14243
14264
14078
13875
13945
14059
14102
14593
14778
14641
15017
14877
15018
14819
14974
14711
14705
14664
14823
14755
14929
14820
14838
14659
14672
14498
14666
14619
14266
14251
14626
14406
14376
14430
14410
14062
15265
14591
14794
14587
14867
14722
14735
14724
15070
14877
14512
14459
14633
14299
14360
14659
14726
15035
14494
14442
14484
15162
14338
14992
14561
14757
15041
14817
15322
14805
15047
14614
14640
14837
14526
14169
14319
14386
14554
14413
14853
14518
15137
14571
14767
14332
14529
14539
14255
15056
14598
14479
14553
15289
14469
14417
14454
14584
14201
14097
14344
14467
14132
14124
14197
14310
13864
14093
13770
13651
13651
14057
13921
3107
#close	2025-04-14-17-29-38
